<?xml version="1.0" encoding="UTF-8"?>
<testng-results ignored="0" total="1" passed="1" failed="0" skipped="0">
  <reporter-output>
  </reporter-output>
  <suite started-at="2022-04-15T00:49:26 IST" name="Default Suite" finished-at="2022-04-15T00:49:30 IST" duration-ms="3451">
    <groups>
    </groups>
    <test started-at="2022-04-15T00:49:26 IST" name="selenium_track2" finished-at="2022-04-15T00:49:30 IST" duration-ms="3451">
      <class name="seleniumPackage.class1">
        <test-method signature="try1()[pri:0, instance:seleniumPackage.class1@5ef60048]" started-at="2022-04-15T00:49:26 IST" name="try1" finished-at="2022-04-15T00:49:30 IST" duration-ms="3413" status="PASS">
          <reporter-output>
          </reporter-output>
        </test-method> <!-- try1 -->
      </class> <!-- seleniumPackage.class1 -->
    </test> <!-- selenium_track2 -->
  </suite> <!-- Default Suite -->
</testng-results>
